#
# There is insufficient memory for the Java Runtime Environment to continue.
# Native memory allocation (malloc) failed to allocate 1273728 bytes. Error detail: Chunk::new
# Possible reasons:
#   The system is out of physical RAM or swap space
#   This process is running with CompressedOops enabled, and the Java Heap may be blocking the growth of the native heap
# Possible solutions:
#   Reduce memory load on the system
#   Increase physical memory or swap space
#   Check if swap backing store is full
#   Decrease Java heap size (-Xmx/-Xms)
#   Decrease number of Java threads
#   Decrease Java thread stack sizes (-Xss)
#   Set larger code cache with -XX:ReservedCodeCacheSize=
#   JVM is running with Unscaled Compressed Oops mode in which the Java heap is
#     placed in the first 4GB address space. The Java Heap base address is the
#     maximum limit for the native heap growth. Please use -XX:HeapBaseMinAddress
#     to set the Java Heap base and to place the Java Heap above 4GB virtual address.
# This output file may be truncated or incomplete.
#
#  Out of Memory Error (arena.cpp:191), pid=8528, tid=11952
#
# JRE version: OpenJDK Runtime Environment Temurin-17.0.11+9 (17.0.11+9) (build 17.0.11+9)
# Java VM: OpenJDK 64-Bit Server VM Temurin-17.0.11+9 (17.0.11+9, mixed mode, tiered, compressed oops, compressed class ptrs, parallel gc, windows-amd64)
# No core dump will be written. Minidumps are not enabled by default on client versions of Windows
#

---------------  S U M M A R Y ------------

Command Line: --add-modules=ALL-SYSTEM --add-opens=java.base/java.util=ALL-UNNAMED --add-opens=java.base/java.lang=ALL-UNNAMED --add-opens=java.base/sun.nio.fs=ALL-UNNAMED -Declipse.application=org.eclipse.jdt.ls.core.id1 -Dosgi.bundles.defaultStartLevel=4 -Declipse.product=org.eclipse.jdt.ls.core.product -Djava.import.generatesMetadataFilesAtProjectRoot=false -DDetectVMInstallationsJob.disabled=true -Dfile.encoding=utf8 -XX:+UseParallelGC -XX:GCTimeRatio=4 -XX:AdaptiveSizePolicyWeight=90 -Dsun.zip.disableMemoryMapping=true -Xmx1G -Xms100m -Xlog:disable -javaagent:c:\Users\Soa\.vscode\extensions\redhat.java-1.33.0-win32-x64\lombok\lombok-1.18.33.jar -XX:+HeapDumpOnOutOfMemoryError -XX:HeapDumpPath=c:\Users\Soa\AppData\Roaming\Code\User\workspaceStorage\17aee6500137f80ef1583584dace0d7f\redhat.java -Daether.dependencyCollector.impl=bf c:\Users\Soa\.vscode\extensions\redhat.java-1.33.0-win32-x64\server\plugins\org.eclipse.equinox.launcher_1.6.900.v20240613-2009.jar -configuration c:\Users\Soa\AppData\Roaming\Code\User\globalStorage\redhat.java\1.33.0\config_win -data c:\Users\Soa\AppData\Roaming\Code\User\workspaceStorage\17aee6500137f80ef1583584dace0d7f\redhat.java\jdt_ws --pipe=\\.\pipe\lsp-94e359eeeca84c1e6d6e735816ded91e-sock

Host: Intel(R) Core(TM) i7-10510U CPU @ 1.80GHz, 8 cores, 7G,  Windows 10 , 64 bit Build 19041 (10.0.19041.4597)
Time: Sat Aug  3 01:47:31 2024 Afrique de l, 64 bit Build 19041 (10.0.19041.4597) elapsed time: 3054.918132 seconds (0d 0h 50m 54s)

---------------  T H R E A D  ---------------

Current thread (0x00000167247d8fd0):  JavaThread "C2 CompilerThread0" daemon [_thread_in_native, id=11952, stack(0x00000033a2600000,0x00000033a2700000)]


Current CompileTask:
C2:3054918 10531       4       org.eclipse.jdt.internal.compiler.parser.Parser::consumeRule (7920 bytes)

Stack: [0x00000033a2600000,0x00000033a2700000]
Native frames: (J=compiled Java code, j=interpreted, Vv=VM code, C=native code)
V  [jvm.dll+0x67d429]
V  [jvm.dll+0x834b7a]
V  [jvm.dll+0x83663e]
V  [jvm.dll+0x836ca3]
V  [jvm.dll+0x247dbf]
V  [jvm.dll+0xac534]
V  [jvm.dll+0xacb7c]
V  [jvm.dll+0x366647]
V  [jvm.dll+0x330bba]
V  [jvm.dll+0x33005a]
V  [jvm.dll+0x21a471]
V  [jvm.dll+0x2198b1]
V  [jvm.dll+0x1a534d]
V  [jvm.dll+0x2295cd]
V  [jvm.dll+0x22779c]
V  [jvm.dll+0x7e9d07]
V  [jvm.dll+0x7e410a]
V  [jvm.dll+0x67c315]
C  [ucrtbase.dll+0x21bb2]
C  [KERNEL32.DLL+0x17374]
C  [ntdll.dll+0x4cc91]


---------------  P R O C E S S  ---------------

Threads class SMR info:
_java_thread_list=0x00000167274243d0, length=52, elements={
0x000001670b5c7830, 0x0000016724796680, 0x0000016724797f70, 0x00000167247d5130,
0x00000167247d5ec0, 0x00000167247d7b00, 0x00000167247d83d0, 0x00000167247d8fd0,
0x0000016724830860, 0x0000016724850530, 0x0000016724866200, 0x00000167257e7ad0,
0x0000016725cc5030, 0x0000016725e782b0, 0x0000016725e78fb0, 0x0000016725d75cf0,
0x00000167264ba9d0, 0x00000167261d4e70, 0x00000167261d20e0, 0x00000167261d3010,
0x0000016724874610, 0x0000016724875f60, 0x0000016724875030, 0x0000016724876470,
0x0000016724871d90, 0x00000167248773a0, 0x0000016724875a50, 0x0000016724875540,
0x00000167248778b0, 0x00000167248736e0, 0x0000016724877dc0, 0x00000167248727b0,
0x00000167248782d0, 0x0000016724878cf0, 0x0000016724879200, 0x0000016724874100,
0x0000016724874b20, 0x0000016724871880, 0x00000167248787e0, 0x00000167261d1bd0,
0x0000016727bfc3f0, 0x0000016727bfa080, 0x0000016727c00fe0, 0x0000016727bfb9d0,
0x0000016727bfaaa0, 0x0000016727c014f0, 0x0000016727bff690, 0x0000016727c005c0,
0x0000016727bfd830, 0x0000016727bfe760, 0x0000016727bfa590, 0x0000016727bfb4c0
}

Java Threads: ( => current thread )
  0x000001670b5c7830 JavaThread "main" [_thread_blocked, id=17252, stack(0x00000033a1d00000,0x00000033a1e00000)]
  0x0000016724796680 JavaThread "Reference Handler" daemon [_thread_blocked, id=4320, stack(0x00000033a2000000,0x00000033a2100000)]
  0x0000016724797f70 JavaThread "Finalizer" daemon [_thread_blocked, id=24532, stack(0x00000033a2100000,0x00000033a2200000)]
  0x00000167247d5130 JavaThread "Signal Dispatcher" daemon [_thread_blocked, id=23892, stack(0x00000033a2200000,0x00000033a2300000)]
  0x00000167247d5ec0 JavaThread "Attach Listener" daemon [_thread_blocked, id=1504, stack(0x00000033a2300000,0x00000033a2400000)]
  0x00000167247d7b00 JavaThread "Service Thread" daemon [_thread_blocked, id=11308, stack(0x00000033a2400000,0x00000033a2500000)]
  0x00000167247d83d0 JavaThread "Monitor Deflation Thread" daemon [_thread_blocked, id=24436, stack(0x00000033a2500000,0x00000033a2600000)]
=>0x00000167247d8fd0 JavaThread "C2 CompilerThread0" daemon [_thread_in_native, id=11952, stack(0x00000033a2600000,0x00000033a2700000)]
  0x0000016724830860 JavaThread "C1 CompilerThread0" daemon [_thread_blocked, id=16428, stack(0x00000033a2700000,0x00000033a2800000)]
  0x0000016724850530 JavaThread "Sweeper thread" daemon [_thread_blocked, id=20188, stack(0x00000033a2800000,0x00000033a2900000)]
  0x0000016724866200 JavaThread "Common-Cleaner" daemon [_thread_blocked, id=13016, stack(0x00000033a2900000,0x00000033a2a00000)]
  0x00000167257e7ad0 JavaThread "Notification Thread" daemon [_thread_blocked, id=16736, stack(0x00000033a2a00000,0x00000033a2b00000)]
  0x0000016725cc5030 JavaThread "Active Thread: Equinox Container: 3c37af14-6b65-4dc2-9e54-217e842e57f7" [_thread_blocked, id=22772, stack(0x00000033a3200000,0x00000033a3300000)]
  0x0000016725e782b0 JavaThread "Framework Event Dispatcher: Equinox Container: 3c37af14-6b65-4dc2-9e54-217e842e57f7" daemon [_thread_blocked, id=24056, stack(0x00000033a3300000,0x00000033a3400000)]
  0x0000016725e78fb0 JavaThread "Start Level: Equinox Container: 3c37af14-6b65-4dc2-9e54-217e842e57f7" daemon [_thread_blocked, id=7328, stack(0x00000033a3400000,0x00000033a3500000)]
  0x0000016725d75cf0 JavaThread "Bundle File Closer" daemon [_thread_blocked, id=14588, stack(0x00000033a3600000,0x00000033a3700000)]
  0x00000167264ba9d0 JavaThread "SCR Component Actor" daemon [_thread_blocked, id=22804, stack(0x00000033a3700000,0x00000033a3800000)]
  0x00000167261d4e70 JavaThread "Worker-JM" [_thread_blocked, id=7940, stack(0x00000033a3900000,0x00000033a3a00000)]
  0x00000167261d20e0 JavaThread "Java indexing" daemon [_thread_blocked, id=17196, stack(0x00000033a3e00000,0x00000033a3f00000)]
  0x00000167261d3010 JavaThread "JNA Cleaner" daemon [_thread_blocked, id=6724, stack(0x00000033a3f00000,0x00000033a4000000)]
  0x0000016724874610 JavaThread "Thread-2" daemon [_thread_in_native, id=21032, stack(0x00000033a4000000,0x00000033a4100000)]
  0x0000016724875f60 JavaThread "Thread-3" daemon [_thread_in_native, id=3156, stack(0x00000033a4100000,0x00000033a4200000)]
  0x0000016724875030 JavaThread "Thread-4" daemon [_thread_in_native, id=18860, stack(0x00000033a4200000,0x00000033a4300000)]
  0x0000016724876470 JavaThread "Thread-5" daemon [_thread_in_native, id=15744, stack(0x00000033a4300000,0x00000033a4400000)]
  0x0000016724871d90 JavaThread "Thread-6" daemon [_thread_in_native, id=5352, stack(0x00000033a4400000,0x00000033a4500000)]
  0x00000167248773a0 JavaThread "Thread-7" daemon [_thread_in_native, id=2748, stack(0x00000033a4500000,0x00000033a4600000)]
  0x0000016724875a50 JavaThread "Thread-8" daemon [_thread_in_native, id=5752, stack(0x00000033a4600000,0x00000033a4700000)]
  0x0000016724875540 JavaThread "Thread-9" daemon [_thread_in_native, id=19216, stack(0x00000033a4700000,0x00000033a4800000)]
  0x00000167248778b0 JavaThread "Thread-10" daemon [_thread_in_native, id=1268, stack(0x00000033a4800000,0x00000033a4900000)]
  0x00000167248736e0 JavaThread "pool-2-thread-1" [_thread_blocked, id=17368, stack(0x00000033a4900000,0x00000033a4a00000)]
  0x0000016724877dc0 JavaThread "WorkspaceEventsHandler" [_thread_in_Java, id=21620, stack(0x00000033a4a00000,0x00000033a4b00000)]
  0x00000167248727b0 JavaThread "pool-1-thread-1" [_thread_blocked, id=11144, stack(0x00000033a4b00000,0x00000033a4c00000)]
  0x00000167248782d0 JavaThread "Timer-0" [_thread_blocked, id=17428, stack(0x00000033a3800000,0x00000033a3900000)]
  0x0000016724878cf0 JavaThread "Timer-1" [_thread_blocked, id=22108, stack(0x00000033a4c00000,0x00000033a4d00000)]
  0x0000016724879200 JavaThread "Timer-2" [_thread_blocked, id=16960, stack(0x00000033a5000000,0x00000033a5100000)]
  0x0000016724874100 JavaThread "Timer-3" [_thread_blocked, id=1076, stack(0x00000033a5100000,0x00000033a5200000)]
  0x0000016724874b20 JavaThread "Timer-4" [_thread_blocked, id=23780, stack(0x00000033a5200000,0x00000033a5300000)]
  0x0000016724871880 JavaThread "Timer-5" [_thread_blocked, id=14568, stack(0x00000033a1a00000,0x00000033a1b00000)]
  0x00000167248787e0 JavaThread "Timer-6" [_thread_blocked, id=19284, stack(0x00000033a1b00000,0x00000033a1c00000)]
  0x00000167261d1bd0 JavaThread "Worker-6" [_thread_blocked, id=19356, stack(0x00000033a3b00000,0x00000033a3c00000)]
  0x0000016727bfc3f0 JavaThread "Worker-7: Building" [_thread_blocked, id=22040, stack(0x00000033a1c00000,0x00000033a1d00000)]
  0x0000016727bfa080 JavaThread "Worker-8" [_thread_blocked, id=14756, stack(0x00000033a3a00000,0x00000033a3b00000)]
  0x0000016727c00fe0 JavaThread "Worker-9" [_thread_blocked, id=19324, stack(0x00000033a3c00000,0x00000033a3d00000)]
  0x0000016727bfb9d0 JavaThread "ForkJoinPool.commonPool-worker-7" daemon [_thread_blocked, id=7792, stack(0x00000033a3d00000,0x00000033a3e00000)]
  0x0000016727bfaaa0 JavaThread "ForkJoinPool.commonPool-worker-8" daemon [_thread_blocked, id=4516, stack(0x00000033a4d00000,0x00000033a4e00000)]
  0x0000016727c014f0 JavaThread "Compiler Source File Reader" daemon [_thread_blocked, id=8916, stack(0x00000033a4e00000,0x00000033a4f00000)]
  0x0000016727bff690 JavaThread "Compiler Source File Reader" daemon [_thread_blocked, id=7048, stack(0x00000033a4f00000,0x00000033a5000000)]
  0x0000016727c005c0 JavaThread "Compiler Processing Task" daemon [_thread_blocked, id=25296, stack(0x00000033a5300000,0x00000033a5400000)]
  0x0000016727bfd830 JavaThread "Compiler Source File Reader" daemon [_thread_blocked, id=14720, stack(0x00000033a5400000,0x00000033a5500000)]
  0x0000016727bfe760 JavaThread "Compiler Source File Reader" daemon [_thread_blocked, id=7556, stack(0x00000033a5500000,0x00000033a5600000)]
  0x0000016727bfa590 JavaThread "Compiler Source File Reader" daemon [_thread_blocked, id=5248, stack(0x00000033a5600000,0x00000033a5700000)]
  0x0000016727bfb4c0 JavaThread "Compiler Source File Reader" daemon [_thread_blocked, id=12380, stack(0x00000033a5700000,0x00000033a5800000)]

Other Threads:
  0x0000016724790c20 VMThread "VM Thread" [stack: 0x00000033a1f00000,0x00000033a2000000] [id=9672]
  0x00000167257e7fb0 WatcherThread [stack: 0x00000033a2b00000,0x00000033a2c00000] [id=16324]
  0x000001670b5da420 GCTaskThread "GC Thread#0" [stack: 0x00000033a1e00000,0x00000033a1f00000] [id=16228]
  0x0000016725b92d50 GCTaskThread "GC Thread#1" [stack: 0x00000033a2c00000,0x00000033a2d00000] [id=11416]
  0x0000016725b97830 GCTaskThread "GC Thread#2" [stack: 0x00000033a2d00000,0x00000033a2e00000] [id=14324]
  0x0000016725b93010 GCTaskThread "GC Thread#3" [stack: 0x00000033a2e00000,0x00000033a2f00000] [id=16036]
  0x0000016725c42c60 GCTaskThread "GC Thread#4" [stack: 0x00000033a2f00000,0x00000033a3000000] [id=888]
  0x0000016725c43730 GCTaskThread "GC Thread#5" [stack: 0x00000033a3000000,0x00000033a3100000] [id=23412]
  0x0000016725c439f0 GCTaskThread "GC Thread#6" [stack: 0x00000033a3100000,0x00000033a3200000] [id=24320]
  0x0000016725d86ba0 GCTaskThread "GC Thread#7" [stack: 0x00000033a3500000,0x00000033a3600000] [id=14288]

Threads with active compile tasks:
C2 CompilerThread0  3054974 10531       4       org.eclipse.jdt.internal.compiler.parser.Parser::consumeRule (7920 bytes)
C1 CompilerThread0  3054975 10745       2       org.eclipse.jdt.internal.compiler.parser.Scanner$VanguardScanner::getNextToken (200 bytes)

VM state: not at safepoint (normal execution)

VM Mutex/Monitor currently owned by a thread: None

Heap address: 0x00000000c0000000, size: 1024 MB, Compressed Oops mode: 32-bit

CDS archive(s) not mapped
Compressed class space mapped at: 0x0000000100000000-0x0000000140000000, reserved size: 1073741824
Narrow klass base: 0x0000000000000000, Narrow klass shift: 3, Narrow klass range: 0x140000000

GC Precious Log:
 CPUs: 8 total, 8 available
 Memory: 8001M
 Large Page Support: Disabled
 NUMA Support: Disabled
 Compressed Oops: Enabled (32-bit)
 Alignments: Space 512K, Generation 512K, Heap 2M
 Heap Min Capacity: 100M
 Heap Initial Capacity: 100M
 Heap Max Capacity: 1G
 Pre-touch: Disabled
 Parallel Workers: 8

Heap:
 PSYoungGen      total 9216K, used 5086K [0x00000000eab00000, 0x00000000eb880000, 0x0000000100000000)
  eden space 8704K, 52% used [0x00000000eab00000,0x00000000eaf7b158,0x00000000eb380000)
  from space 512K, 97% used [0x00000000eb680000,0x00000000eb6fc9e0,0x00000000eb700000)
  to   space 2560K, 0% used [0x00000000eb380000,0x00000000eb380000,0x00000000eb600000)
 ParOldGen       total 114688K, used 91566K [0x00000000c0000000, 0x00000000c7000000, 0x00000000eab00000)
  object space 114688K, 79% used [0x00000000c0000000,0x00000000c596b868,0x00000000c7000000)
 Metaspace       used 82044K, committed 83392K, reserved 1179648K
  class space    used 9614K, committed 10240K, reserved 1048576K

Card table byte_map: [0x000001670af90000,0x000001670b1a0000] _byte_map_base: 0x000001670a990000

Marking Bits: (ParMarkBitMap*) 0x00007ffd783dd820
 Begin Bits: [0x000001671d260000, 0x000001671e260000)
 End Bits:   [0x000001671e260000, 0x000001671f260000)

Polling page: 0x000001670ad80000

Metaspace:

Usage:
  Non-class:     70.73 MB used.
      Class:      9.39 MB used.
       Both:     80.12 MB used.

Virtual space:
  Non-class space:      128.00 MB reserved,      71.44 MB ( 56%) committed,  2 nodes.
      Class space:        1.00 GB reserved,      10.00 MB ( <1%) committed,  1 nodes.
             Both:        1.12 GB reserved,      81.44 MB (  7%) committed. 

Chunk freelists:
   Non-Class:  7.88 MB
       Class:  6.15 MB
        Both:  14.03 MB

MaxMetaspaceSize: unlimited
CompressedClassSpaceSize: 1.00 GB
Initial GC threshold: 21.00 MB
Current GC threshold: 135.31 MB
CDS: off
MetaspaceReclaimPolicy: balanced
 - commit_granule_bytes: 65536.
 - commit_granule_words: 8192.
 - virtual_space_node_default_size: 8388608.
 - enlarge_chunks_in_place: 1.
 - new_chunks_are_fully_committed: 0.
 - uncommit_free_chunks: 1.
 - use_allocation_guard: 0.
 - handle_deallocations: 1.


Internal statistics:

num_allocs_failed_limit: 9.
num_arena_births: 920.
num_arena_deaths: 302.
num_vsnodes_births: 3.
num_vsnodes_deaths: 0.
num_space_committed: 1303.
num_space_uncommitted: 0.
num_chunks_returned_to_freelist: 424.
num_chunks_taken_from_freelist: 4295.
num_chunk_merges: 162.
num_chunk_splits: 2682.
num_chunks_enlarged: 1656.
num_inconsistent_stats: 0.

CodeHeap 'non-profiled nmethods': size=120000Kb used=6644Kb max_used=6644Kb free=113355Kb
 bounds [0x0000016715d30000, 0x00000167163b0000, 0x000001671d260000]
CodeHeap 'profiled nmethods': size=120000Kb used=17803Kb max_used=17803Kb free=102197Kb
 bounds [0x000001670e260000, 0x000001670f3d0000, 0x0000016715790000]
CodeHeap 'non-nmethods': size=5760Kb used=1385Kb max_used=1472Kb free=4374Kb
 bounds [0x0000016715790000, 0x0000016715a00000, 0x0000016715d30000]
 total_blobs=9482 nmethods=8742 adapters=652
 compilation: enabled
              stopped_count=0, restarted_count=0
 full_count=0

Compilation events (20 events):
Event: 3054.878 Thread 0x0000016724830860 nmethod 10654 0x000001670f387a10 code [0x000001670f387bc0, 0x000001670f387dd8]
Event: 3054.878 Thread 0x0000016724830860 10642       3       org.eclipse.jdt.internal.compiler.ast.SingleNameReference::<init> (25 bytes)
Event: 3054.878 Thread 0x0000016724830860 nmethod 10642 0x000001670f387f10 code [0x000001670f3880e0, 0x000001670f388478]
Event: 3054.878 Thread 0x0000016724830860 10655  s    3       sun.nio.ch.ChannelInputStream::read (77 bytes)
Event: 3054.879 Thread 0x0000016724830860 nmethod 10655 0x000001670f388610 code [0x000001670f388840, 0x000001670f389088]
Event: 3054.879 Thread 0x0000016724830860 10656       3       lombok.core.LombokNode::top (8 bytes)
Event: 3054.879 Thread 0x0000016724830860 nmethod 10656 0x000001670f389390 code [0x000001670f389540, 0x000001670f389778]
Event: 3054.879 Thread 0x0000016724830860 10657       3       lombok.eclipse.TransformEclipseAST::access$0 (4 bytes)
Event: 3054.879 Thread 0x0000016724830860 nmethod 10657 0x000001670ec3b590 code [0x000001670ec3b720, 0x000001670ec3b818]
Event: 3054.879 Thread 0x0000016724830860 10660       1       org.eclipse.core.internal.resources.ResourceInfo::setMarkers (6 bytes)
Event: 3054.879 Thread 0x0000016724830860 nmethod 10660 0x00000167163aa510 code [0x00000167163aa6a0, 0x00000167163aa778]
Event: 3054.879 Thread 0x0000016724830860 10658       1       lombok.eclipse.TransformEclipseAST$AnnotationVisitor::getNextPriority (5 bytes)
Event: 3054.880 Thread 0x0000016724830860 nmethod 10658 0x00000167163aa810 code [0x00000167163aa9a0, 0x00000167163aaa78]
Event: 3054.880 Thread 0x0000016724830860 10659       1       lombok.eclipse.EclipseAST::isCompleteParse (5 bytes)
Event: 3054.880 Thread 0x0000016724830860 nmethod 10659 0x00000167163aab10 code [0x00000167163aaca0, 0x00000167163aad78]
Event: 3054.880 Thread 0x0000016724830860 10662       3       org.eclipse.jdt.internal.compiler.lookup.MethodScope::referenceMethod (20 bytes)
Event: 3054.880 Thread 0x0000016724830860 nmethod 10662 0x000001670f389890 code [0x000001670f389a40, 0x000001670f389d98]
Event: 3054.880 Thread 0x0000016724830860 10663       3       org.eclipse.jdt.internal.compiler.lookup.Scope::getBaseType (442 bytes)
Event: 3054.881 Thread 0x0000016724830860 nmethod 10663 0x000001670f389e90 code [0x000001670f38a120, 0x000001670f38b398]
Event: 3054.881 Thread 0x0000016724830860 10664       3       org.eclipse.jdt.core.compiler.CharOperation::replace (225 bytes)

GC Heap History (20 events):
Event: 3050.737 GC heap before
{Heap before GC invocations=130 (full 5):
 PSYoungGen      total 9216K, used 8102K [0x00000000eab00000, 0x00000000eb580000, 0x0000000100000000)
  eden space 8704K, 91% used [0x00000000eab00000,0x00000000eb2c1848,0x00000000eb380000)
  from space 512K, 31% used [0x00000000eb500000,0x00000000eb528000,0x00000000eb580000)
  to   space 512K, 0% used [0x00000000eb480000,0x00000000eb480000,0x00000000eb500000)
 ParOldGen       total 109568K, used 106280K [0x00000000c0000000, 0x00000000c6b00000, 0x00000000eab00000)
  object space 109568K, 96% used [0x00000000c0000000,0x00000000c67ca1d0,0x00000000c6b00000)
 Metaspace       used 81668K, committed 82944K, reserved 1179648K
  class space    used 9658K, committed 10240K, reserved 1048576K
}
Event: 3050.739 GC heap after
{Heap after GC invocations=130 (full 5):
 PSYoungGen      total 9216K, used 256K [0x00000000eab00000, 0x00000000eb580000, 0x0000000100000000)
  eden space 8704K, 0% used [0x00000000eab00000,0x00000000eab00000,0x00000000eb380000)
  from space 512K, 50% used [0x00000000eb480000,0x00000000eb4c0000,0x00000000eb500000)
  to   space 512K, 0% used [0x00000000eb500000,0x00000000eb500000,0x00000000eb580000)
 ParOldGen       total 109568K, used 107069K [0x00000000c0000000, 0x00000000c6b00000, 0x00000000eab00000)
  object space 109568K, 97% used [0x00000000c0000000,0x00000000c688f6e0,0x00000000c6b00000)
 Metaspace       used 81668K, committed 82944K, reserved 1179648K
  class space    used 9658K, committed 10240K, reserved 1048576K
}
Event: 3050.933 GC heap before
{Heap before GC invocations=131 (full 5):
 PSYoungGen      total 9216K, used 8960K [0x00000000eab00000, 0x00000000eb580000, 0x0000000100000000)
  eden space 8704K, 100% used [0x00000000eab00000,0x00000000eb380000,0x00000000eb380000)
  from space 512K, 50% used [0x00000000eb480000,0x00000000eb4c0000,0x00000000eb500000)
  to   space 512K, 0% used [0x00000000eb500000,0x00000000eb500000,0x00000000eb580000)
 ParOldGen       total 109568K, used 107069K [0x00000000c0000000, 0x00000000c6b00000, 0x00000000eab00000)
  object space 109568K, 97% used [0x00000000c0000000,0x00000000c688f6e0,0x00000000c6b00000)
 Metaspace       used 81712K, committed 83072K, reserved 1179648K
  class space    used 9659K, committed 10240K, reserved 1048576K
}
Event: 3050.935 GC heap after
{Heap after GC invocations=131 (full 5):
 PSYoungGen      total 9216K, used 256K [0x00000000eab00000, 0x00000000eb580000, 0x0000000100000000)
  eden space 8704K, 0% used [0x00000000eab00000,0x00000000eab00000,0x00000000eb380000)
  from space 512K, 50% used [0x00000000eb500000,0x00000000eb540000,0x00000000eb580000)
  to   space 512K, 0% used [0x00000000eb480000,0x00000000eb480000,0x00000000eb500000)
 ParOldGen       total 109568K, used 107906K [0x00000000c0000000, 0x00000000c6b00000, 0x00000000eab00000)
  object space 109568K, 98% used [0x00000000c0000000,0x00000000c6960bf0,0x00000000c6b00000)
 Metaspace       used 81712K, committed 83072K, reserved 1179648K
  class space    used 9659K, committed 10240K, reserved 1048576K
}
Event: 3051.053 GC heap before
{Heap before GC invocations=132 (full 5):
 PSYoungGen      total 9216K, used 8960K [0x00000000eab00000, 0x00000000eb580000, 0x0000000100000000)
  eden space 8704K, 100% used [0x00000000eab00000,0x00000000eb380000,0x00000000eb380000)
  from space 512K, 50% used [0x00000000eb500000,0x00000000eb540000,0x00000000eb580000)
  to   space 512K, 0% used [0x00000000eb480000,0x00000000eb480000,0x00000000eb500000)
 ParOldGen       total 109568K, used 107906K [0x00000000c0000000, 0x00000000c6b00000, 0x00000000eab00000)
  object space 109568K, 98% used [0x00000000c0000000,0x00000000c6960bf0,0x00000000c6b00000)
 Metaspace       used 81839K, committed 83136K, reserved 1179648K
  class space    used 9668K, committed 10240K, reserved 1048576K
}
Event: 3051.058 GC heap after
{Heap after GC invocations=132 (full 5):
 PSYoungGen      total 9216K, used 498K [0x00000000eab00000, 0x00000000ebc80000, 0x0000000100000000)
  eden space 8704K, 0% used [0x00000000eab00000,0x00000000eab00000,0x00000000eb380000)
  from space 512K, 97% used [0x00000000eb480000,0x00000000eb4fc9e0,0x00000000eb500000)
  to   space 4608K, 0% used [0x00000000eb800000,0x00000000eb800000,0x00000000ebc80000)
 ParOldGen       total 111616K, used 111235K [0x00000000c0000000, 0x00000000c6d00000, 0x00000000eab00000)
  object space 111616K, 99% used [0x00000000c0000000,0x00000000c6ca0e58,0x00000000c6d00000)
 Metaspace       used 81839K, committed 83136K, reserved 1179648K
  class space    used 9668K, committed 10240K, reserved 1048576K
}
Event: 3051.058 GC heap before
{Heap before GC invocations=133 (full 6):
 PSYoungGen      total 9216K, used 498K [0x00000000eab00000, 0x00000000ebc80000, 0x0000000100000000)
  eden space 8704K, 0% used [0x00000000eab00000,0x00000000eab00000,0x00000000eb380000)
  from space 512K, 97% used [0x00000000eb480000,0x00000000eb4fc9e0,0x00000000eb500000)
  to   space 4608K, 0% used [0x00000000eb800000,0x00000000eb800000,0x00000000ebc80000)
 ParOldGen       total 111616K, used 111235K [0x00000000c0000000, 0x00000000c6d00000, 0x00000000eab00000)
  object space 111616K, 99% used [0x00000000c0000000,0x00000000c6ca0e58,0x00000000c6d00000)
 Metaspace       used 81839K, committed 83136K, reserved 1179648K
  class space    used 9668K, committed 10240K, reserved 1048576K
}
Event: 3053.292 GC heap after
{Heap after GC invocations=133 (full 6):
 PSYoungGen      total 13312K, used 0K [0x00000000eab00000, 0x00000000ebc80000, 0x0000000100000000)
  eden space 8704K, 0% used [0x00000000eab00000,0x00000000eab00000,0x00000000eb380000)
  from space 4608K, 0% used [0x00000000eb800000,0x00000000eb800000,0x00000000ebc80000)
  to   space 4608K, 0% used [0x00000000eb380000,0x00000000eb380000,0x00000000eb800000)
 ParOldGen       total 114688K, used 86767K [0x00000000c0000000, 0x00000000c7000000, 0x00000000eab00000)
  object space 114688K, 75% used [0x00000000c0000000,0x00000000c54bbc70,0x00000000c7000000)
 Metaspace       used 81392K, committed 83136K, reserved 1179648K
  class space    used 9583K, committed 10240K, reserved 1048576K
}
Event: 3053.789 GC heap before
{Heap before GC invocations=134 (full 6):
 PSYoungGen      total 13312K, used 8704K [0x00000000eab00000, 0x00000000ebc80000, 0x0000000100000000)
  eden space 8704K, 100% used [0x00000000eab00000,0x00000000eb380000,0x00000000eb380000)
  from space 4608K, 0% used [0x00000000eb800000,0x00000000eb800000,0x00000000ebc80000)
  to   space 4608K, 0% used [0x00000000eb380000,0x00000000eb380000,0x00000000eb800000)
 ParOldGen       total 114688K, used 86767K [0x00000000c0000000, 0x00000000c7000000, 0x00000000eab00000)
  object space 114688K, 75% used [0x00000000c0000000,0x00000000c54bbc70,0x00000000c7000000)
 Metaspace       used 81690K, committed 83136K, reserved 1179648K
  class space    used 9601K, committed 10240K, reserved 1048576K
}
Event: 3053.797 GC heap after
{Heap after GC invocations=134 (full 6):
 PSYoungGen      total 9728K, used 544K [0x00000000eab00000, 0x00000000eb880000, 0x0000000100000000)
  eden space 8704K, 0% used [0x00000000eab00000,0x00000000eab00000,0x00000000eb380000)
  from space 1024K, 53% used [0x00000000eb380000,0x00000000eb408000,0x00000000eb480000)
  to   space 2048K, 0% used [0x00000000eb680000,0x00000000eb680000,0x00000000eb880000)
 ParOldGen       total 114688K, used 86775K [0x00000000c0000000, 0x00000000c7000000, 0x00000000eab00000)
  object space 114688K, 75% used [0x00000000c0000000,0x00000000c54bdc70,0x00000000c7000000)
 Metaspace       used 81690K, committed 83136K, reserved 1179648K
  class space    used 9601K, committed 10240K, reserved 1048576K
}
Event: 3054.095 GC heap before
{Heap before GC invocations=135 (full 6):
 PSYoungGen      total 9728K, used 9248K [0x00000000eab00000, 0x00000000eb880000, 0x0000000100000000)
  eden space 8704K, 100% used [0x00000000eab00000,0x00000000eb380000,0x00000000eb380000)
  from space 1024K, 53% used [0x00000000eb380000,0x00000000eb408000,0x00000000eb480000)
  to   space 2048K, 0% used [0x00000000eb680000,0x00000000eb680000,0x00000000eb880000)
 ParOldGen       total 114688K, used 86775K [0x00000000c0000000, 0x00000000c7000000, 0x00000000eab00000)
  object space 114688K, 75% used [0x00000000c0000000,0x00000000c54bdc70,0x00000000c7000000)
 Metaspace       used 81699K, committed 83136K, reserved 1179648K
  class space    used 9601K, committed 10240K, reserved 1048576K
}
Event: 3054.097 GC heap after
{Heap after GC invocations=135 (full 6):
 PSYoungGen      total 9216K, used 256K [0x00000000eab00000, 0x00000000eb700000, 0x0000000100000000)
  eden space 8704K, 0% used [0x00000000eab00000,0x00000000eab00000,0x00000000eb380000)
  from space 512K, 50% used [0x00000000eb680000,0x00000000eb6c0000,0x00000000eb700000)
  to   space 1024K, 0% used [0x00000000eb500000,0x00000000eb500000,0x00000000eb600000)
 ParOldGen       total 114688K, used 87167K [0x00000000c0000000, 0x00000000c7000000, 0x00000000eab00000)
  object space 114688K, 76% used [0x00000000c0000000,0x00000000c551fc70,0x00000000c7000000)
 Metaspace       used 81699K, committed 83136K, reserved 1179648K
  class space    used 9601K, committed 10240K, reserved 1048576K
}
Event: 3054.243 GC heap before
{Heap before GC invocations=136 (full 6):
 PSYoungGen      total 9216K, used 8960K [0x00000000eab00000, 0x00000000eb700000, 0x0000000100000000)
  eden space 8704K, 100% used [0x00000000eab00000,0x00000000eb380000,0x00000000eb380000)
  from space 512K, 50% used [0x00000000eb680000,0x00000000eb6c0000,0x00000000eb700000)
  to   space 1024K, 0% used [0x00000000eb500000,0x00000000eb500000,0x00000000eb600000)
 ParOldGen       total 114688K, used 87167K [0x00000000c0000000, 0x00000000c7000000, 0x00000000eab00000)
  object space 114688K, 76% used [0x00000000c0000000,0x00000000c551fc70,0x00000000c7000000)
 Metaspace       used 81717K, committed 83136K, reserved 1179648K
  class space    used 9601K, committed 10240K, reserved 1048576K
}
Event: 3054.244 GC heap after
{Heap after GC invocations=136 (full 6):
 PSYoungGen      total 9728K, used 224K [0x00000000eab00000, 0x00000000eb700000, 0x0000000100000000)
  eden space 8704K, 0% used [0x00000000eab00000,0x00000000eab00000,0x00000000eb380000)
  from space 1024K, 21% used [0x00000000eb500000,0x00000000eb538000,0x00000000eb600000)
  to   space 512K, 0% used [0x00000000eb680000,0x00000000eb680000,0x00000000eb700000)
 ParOldGen       total 114688K, used 87231K [0x00000000c0000000, 0x00000000c7000000, 0x00000000eab00000)
  object space 114688K, 76% used [0x00000000c0000000,0x00000000c552fc70,0x00000000c7000000)
 Metaspace       used 81717K, committed 83136K, reserved 1179648K
  class space    used 9601K, committed 10240K, reserved 1048576K
}
Event: 3054.523 GC heap before
{Heap before GC invocations=137 (full 6):
 PSYoungGen      total 9728K, used 8928K [0x00000000eab00000, 0x00000000eb700000, 0x0000000100000000)
  eden space 8704K, 100% used [0x00000000eab00000,0x00000000eb380000,0x00000000eb380000)
  from space 1024K, 21% used [0x00000000eb500000,0x00000000eb538000,0x00000000eb600000)
  to   space 512K, 0% used [0x00000000eb680000,0x00000000eb680000,0x00000000eb700000)
 ParOldGen       total 114688K, used 87231K [0x00000000c0000000, 0x00000000c7000000, 0x00000000eab00000)
  object space 114688K, 76% used [0x00000000c0000000,0x00000000c552fc70,0x00000000c7000000)
 Metaspace       used 81762K, committed 83200K, reserved 1179648K
  class space    used 9601K, committed 10240K, reserved 1048576K
}
Event: 3054.524 GC heap after
{Heap after GC invocations=137 (full 6):
 PSYoungGen      total 9216K, used 256K [0x00000000eab00000, 0x00000000eb700000, 0x0000000100000000)
  eden space 8704K, 0% used [0x00000000eab00000,0x00000000eab00000,0x00000000eb380000)
  from space 512K, 50% used [0x00000000eb680000,0x00000000eb6c0000,0x00000000eb700000)
  to   space 512K, 0% used [0x00000000eb600000,0x00000000eb600000,0x00000000eb680000)
 ParOldGen       total 114688K, used 88076K [0x00000000c0000000, 0x00000000c7000000, 0x00000000eab00000)
  object space 114688K, 76% used [0x00000000c0000000,0x00000000c5603180,0x00000000c7000000)
 Metaspace       used 81762K, committed 83200K, reserved 1179648K
  class space    used 9601K, committed 10240K, reserved 1048576K
}
Event: 3054.626 GC heap before
{Heap before GC invocations=138 (full 6):
 PSYoungGen      total 9216K, used 8960K [0x00000000eab00000, 0x00000000eb700000, 0x0000000100000000)
  eden space 8704K, 100% used [0x00000000eab00000,0x00000000eb380000,0x00000000eb380000)
  from space 512K, 50% used [0x00000000eb680000,0x00000000eb6c0000,0x00000000eb700000)
  to   space 512K, 0% used [0x00000000eb600000,0x00000000eb600000,0x00000000eb680000)
 ParOldGen       total 114688K, used 88076K [0x00000000c0000000, 0x00000000c7000000, 0x00000000eab00000)
  object space 114688K, 76% used [0x00000000c0000000,0x00000000c5603180,0x00000000c7000000)
 Metaspace       used 81770K, committed 83200K, reserved 1179648K
  class space    used 9601K, committed 10240K, reserved 1048576K
}
Event: 3054.627 GC heap after
{Heap after GC invocations=138 (full 6):
 PSYoungGen      total 9216K, used 327K [0x00000000eab00000, 0x00000000eb700000, 0x0000000100000000)
  eden space 8704K, 0% used [0x00000000eab00000,0x00000000eab00000,0x00000000eb380000)
  from space 512K, 63% used [0x00000000eb600000,0x00000000eb651d90,0x00000000eb680000)
  to   space 512K, 0% used [0x00000000eb680000,0x00000000eb680000,0x00000000eb700000)
 ParOldGen       total 114688K, used 90022K [0x00000000c0000000, 0x00000000c7000000, 0x00000000eab00000)
  object space 114688K, 78% used [0x00000000c0000000,0x00000000c57e9b50,0x00000000c7000000)
 Metaspace       used 81770K, committed 83200K, reserved 1179648K
  class space    used 9601K, committed 10240K, reserved 1048576K
}
Event: 3054.860 GC heap before
{Heap before GC invocations=139 (full 6):
 PSYoungGen      total 9216K, used 9031K [0x00000000eab00000, 0x00000000eb700000, 0x0000000100000000)
  eden space 8704K, 100% used [0x00000000eab00000,0x00000000eb380000,0x00000000eb380000)
  from space 512K, 63% used [0x00000000eb600000,0x00000000eb651d90,0x00000000eb680000)
  to   space 512K, 0% used [0x00000000eb680000,0x00000000eb680000,0x00000000eb700000)
 ParOldGen       total 114688K, used 90022K [0x00000000c0000000, 0x00000000c7000000, 0x00000000eab00000)
  object space 114688K, 78% used [0x00000000c0000000,0x00000000c57e9b50,0x00000000c7000000)
 Metaspace       used 81875K, committed 83264K, reserved 1179648K
  class space    used 9610K, committed 10240K, reserved 1048576K
}
Event: 3054.861 GC heap after
{Heap after GC invocations=139 (full 6):
 PSYoungGen      total 9216K, used 498K [0x00000000eab00000, 0x00000000eb880000, 0x0000000100000000)
  eden space 8704K, 0% used [0x00000000eab00000,0x00000000eab00000,0x00000000eb380000)
  from space 512K, 97% used [0x00000000eb680000,0x00000000eb6fc9e0,0x00000000eb700000)
  to   space 2560K, 0% used [0x00000000eb380000,0x00000000eb380000,0x00000000eb600000)
 ParOldGen       total 114688K, used 91566K [0x00000000c0000000, 0x00000000c7000000, 0x00000000eab00000)
  object space 114688K, 79% used [0x00000000c0000000,0x00000000c596b868,0x00000000c7000000)
 Metaspace       used 81875K, committed 83264K, reserved 1179648K
  class space    used 9610K, committed 10240K, reserved 1048576K
}

Dll operation events (15 events):
Event: 0.038 Loaded shared library c:\Users\Soa\.vscode\extensions\redhat.java-1.33.0-win32-x64\jre\17.0.11-win32-x86_64\bin\java.dll
Event: 0.643 Loaded shared library c:\Users\Soa\.vscode\extensions\redhat.java-1.33.0-win32-x64\jre\17.0.11-win32-x86_64\bin\zip.dll
Event: 0.654 Loaded shared library C:\Users\Soa\.vscode\extensions\redhat.java-1.33.0-win32-x64\jre\17.0.11-win32-x86_64\bin\instrument.dll
Event: 0.693 Loaded shared library C:\Users\Soa\.vscode\extensions\redhat.java-1.33.0-win32-x64\jre\17.0.11-win32-x86_64\bin\net.dll
Event: 0.702 Loaded shared library C:\Users\Soa\.vscode\extensions\redhat.java-1.33.0-win32-x64\jre\17.0.11-win32-x86_64\bin\nio.dll
Event: 0.724 Loaded shared library C:\Users\Soa\.vscode\extensions\redhat.java-1.33.0-win32-x64\jre\17.0.11-win32-x86_64\bin\zip.dll
Event: 0.767 Loaded shared library C:\Users\Soa\.vscode\extensions\redhat.java-1.33.0-win32-x64\jre\17.0.11-win32-x86_64\bin\jimage.dll
Event: 0.994 Loaded shared library c:\Users\Soa\.vscode\extensions\redhat.java-1.33.0-win32-x64\jre\17.0.11-win32-x86_64\bin\verify.dll
Event: 5.386 Loaded shared library C:\Users\Soa\AppData\Roaming\Code\User\globalStorage\redhat.java\1.33.0\config_win\org.eclipse.equinox.launcher\org.eclipse.equinox.launcher.win32.win32.x86_64_1.2.1100.v20240722-2106\eclipse_11904.dll
Event: 12.507 Loaded shared library C:\Users\Soa\.vscode\extensions\redhat.java-1.33.0-win32-x64\jre\17.0.11-win32-x86_64\bin\management.dll
Event: 12.526 Loaded shared library C:\Users\Soa\.vscode\extensions\redhat.java-1.33.0-win32-x64\jre\17.0.11-win32-x86_64\bin\management_ext.dll
Event: 16.940 Loaded shared library C:\Users\Soa\AppData\Local\Temp\jna-83301\jna9662816524300187125.dll
Event: 27.231 Loaded shared library C:\Users\Soa\.gradle\native\e1d6ef7f7dcc3fd88c89a11ec53ec762bb8ba0a96d01ffa2cd45eb1d1d8dd5c5\windows-amd64\native-platform.dll
Event: 46.416 Loaded shared library C:\Users\Soa\.vscode\extensions\redhat.java-1.33.0-win32-x64\jre\17.0.11-win32-x86_64\bin\extnet.dll
Event: 46.833 Loaded shared library C:\Users\Soa\.vscode\extensions\redhat.java-1.33.0-win32-x64\jre\17.0.11-win32-x86_64\bin\sunmscapi.dll

Deoptimization events (20 events):
Event: 3054.607 Thread 0x0000016727bfc3f0 Uncommon trap: trap_request=0xffffffc6 fr.pc=0x00000167163939d8 relative=0x00000000000006f8
Event: 3054.607 Thread 0x0000016727bfc3f0 Uncommon trap: reason=bimorphic_or_optimized_type_check action=maybe_recompile pc=0x00000167163939d8 method=org.eclipse.jdt.internal.compiler.parser.Parser.consumeRule(I)V @ 4758 c2
Event: 3054.607 Thread 0x0000016727bfc3f0 DEOPT PACKING pc=0x00000167163939d8 sp=0x00000033a1cfe530
Event: 3054.607 Thread 0x0000016727bfc3f0 DEOPT UNPACKING pc=0x00000167157e66a3 sp=0x00000033a1cfe4d0 mode 2
Event: 3054.608 Thread 0x0000016727bfc3f0 Uncommon trap: trap_request=0xffffffc6 fr.pc=0x0000016716393998 relative=0x00000000000006b8
Event: 3054.608 Thread 0x0000016727bfc3f0 Uncommon trap: reason=bimorphic_or_optimized_type_check action=maybe_recompile pc=0x0000016716393998 method=org.eclipse.jdt.internal.compiler.parser.Parser.consumeRule(I)V @ 4744 c2
Event: 3054.608 Thread 0x0000016727bfc3f0 DEOPT PACKING pc=0x0000016716393998 sp=0x00000033a1cfe530
Event: 3054.608 Thread 0x0000016727bfc3f0 DEOPT UNPACKING pc=0x00000167157e66a3 sp=0x00000033a1cfe4d0 mode 2
Event: 3054.710 Thread 0x0000016727bfc3f0 Uncommon trap: trap_request=0xffffffc6 fr.pc=0x00000167163939d8 relative=0x00000000000006f8
Event: 3054.710 Thread 0x0000016727bfc3f0 Uncommon trap: reason=bimorphic_or_optimized_type_check action=maybe_recompile pc=0x00000167163939d8 method=org.eclipse.jdt.internal.compiler.parser.Parser.consumeRule(I)V @ 4758 c2
Event: 3054.710 Thread 0x0000016727bfc3f0 DEOPT PACKING pc=0x00000167163939d8 sp=0x00000033a1cfe530
Event: 3054.710 Thread 0x0000016727bfc3f0 DEOPT UNPACKING pc=0x00000167157e66a3 sp=0x00000033a1cfe4d0 mode 2
Event: 3054.710 Thread 0x0000016727bfc3f0 Uncommon trap: trap_request=0xffffffc6 fr.pc=0x0000016716393998 relative=0x00000000000006b8
Event: 3054.710 Thread 0x0000016727bfc3f0 Uncommon trap: reason=bimorphic_or_optimized_type_check action=maybe_recompile pc=0x0000016716393998 method=org.eclipse.jdt.internal.compiler.parser.Parser.consumeRule(I)V @ 4744 c2
Event: 3054.710 Thread 0x0000016727bfc3f0 DEOPT PACKING pc=0x0000016716393998 sp=0x00000033a1cfe530
Event: 3054.710 Thread 0x0000016727bfc3f0 DEOPT UNPACKING pc=0x00000167157e66a3 sp=0x00000033a1cfe4d0 mode 2
Event: 3054.799 Thread 0x0000016727c005c0 Uncommon trap: trap_request=0xffffff6e fr.pc=0x000001671637c270 relative=0x00000000000003d0
Event: 3054.799 Thread 0x0000016727c005c0 Uncommon trap: reason=loop_limit_check action=maybe_recompile pc=0x000001671637c270 method=org.eclipse.jdt.internal.compiler.classfmt.ClassFileStruct.utf8At(II)[C @ 143 c2
Event: 3054.799 Thread 0x0000016727c005c0 DEOPT PACKING pc=0x000001671637c270 sp=0x00000033a53fe190
Event: 3054.799 Thread 0x0000016727c005c0 DEOPT UNPACKING pc=0x00000167157e66a3 sp=0x00000033a53fe128 mode 2

Classes unloaded (20 events):
Event: 3051.234 Thread 0x0000016724790c20 Unloading class 0x0000000100297400 'java/lang/invoke/LambdaForm$MH+0x0000000100297400'
Event: 3051.234 Thread 0x0000016724790c20 Unloading class 0x0000000100297000 'java/lang/invoke/LambdaForm$MH+0x0000000100297000'
Event: 3051.234 Thread 0x0000016724790c20 Unloading class 0x0000000100296c00 'java/lang/invoke/LambdaForm$MH+0x0000000100296c00'
Event: 3051.234 Thread 0x0000016724790c20 Unloading class 0x0000000100296800 'java/lang/invoke/LambdaForm$MH+0x0000000100296800'
Event: 3051.234 Thread 0x0000016724790c20 Unloading class 0x0000000100296400 'java/lang/invoke/LambdaForm$MH+0x0000000100296400'
Event: 3051.234 Thread 0x0000016724790c20 Unloading class 0x0000000100296000 'java/lang/invoke/LambdaForm$MH+0x0000000100296000'
Event: 3051.234 Thread 0x0000016724790c20 Unloading class 0x000000010024dc00 'java/lang/invoke/LambdaForm$MH+0x000000010024dc00'
Event: 3051.234 Thread 0x0000016724790c20 Unloading class 0x000000010022d400 'java/lang/invoke/LambdaForm$MH+0x000000010022d400'
Event: 3051.234 Thread 0x0000016724790c20 Unloading class 0x000000010022d000 'java/lang/invoke/LambdaForm$MH+0x000000010022d000'
Event: 3051.234 Thread 0x0000016724790c20 Unloading class 0x000000010022cc00 'java/lang/invoke/LambdaForm$MH+0x000000010022cc00'
Event: 3051.234 Thread 0x0000016724790c20 Unloading class 0x000000010022c800 'java/lang/invoke/LambdaForm$MH+0x000000010022c800'
Event: 3051.234 Thread 0x0000016724790c20 Unloading class 0x000000010022c400 'java/lang/invoke/LambdaForm$MH+0x000000010022c400'
Event: 3051.234 Thread 0x0000016724790c20 Unloading class 0x000000010022c000 'java/lang/invoke/LambdaForm$MH+0x000000010022c000'
Event: 3051.235 Thread 0x0000016724790c20 Unloading class 0x0000000100226800 'jdk/internal/reflect/GeneratedConstructorAccessor4'
Event: 3051.235 Thread 0x0000016724790c20 Unloading class 0x0000000100222c00 'java/lang/invoke/LambdaForm$MH+0x0000000100222c00'
Event: 3051.235 Thread 0x0000016724790c20 Unloading class 0x0000000100222800 'java/lang/invoke/LambdaForm$MH+0x0000000100222800'
Event: 3051.235 Thread 0x0000016724790c20 Unloading class 0x0000000100222000 'java/lang/invoke/LambdaForm$MH+0x0000000100222000'
Event: 3051.235 Thread 0x0000016724790c20 Unloading class 0x0000000100129000 'jdk/internal/reflect/GeneratedMethodAccessor5'
Event: 3051.235 Thread 0x0000016724790c20 Unloading class 0x0000000100128c00 'jdk/internal/reflect/GeneratedMethodAccessor4'
Event: 3051.235 Thread 0x0000016724790c20 Unloading class 0x0000000100128800 'jdk/internal/reflect/GeneratedMethodAccessor3'

Classes redefined (0 events):
No events

Internal exceptions (20 events):
Event: 3050.777 Thread 0x0000016724877dc0 Exception <a 'sun/nio/fs/WindowsException'{0x00000000eac052b0}> (0x00000000eac052b0) 
thrown [s\src\hotspot\share\prims\jni.cpp, line 516]
Event: 3050.831 Thread 0x00000167261d20e0 Exception <a 'sun/nio/fs/WindowsException'{0x00000000eae4bc80}> (0x00000000eae4bc80) 
thrown [s\src\hotspot\share\prims\jni.cpp, line 516]
Event: 3053.588 Thread 0x0000016724877dc0 Exception <a 'sun/nio/fs/WindowsException'{0x00000000eb0e96b0}> (0x00000000eb0e96b0) 
thrown [s\src\hotspot\share\prims\jni.cpp, line 516]
Event: 3053.614 Thread 0x00000167261d20e0 Exception <a 'sun/nio/fs/WindowsException'{0x00000000eb0f98f8}> (0x00000000eb0f98f8) 
thrown [s\src\hotspot\share\prims\jni.cpp, line 516]
Event: 3053.614 Thread 0x0000016724877dc0 Exception <a 'sun/nio/fs/WindowsException'{0x00000000eb1103f0}> (0x00000000eb1103f0) 
thrown [s\src\hotspot\share\prims\jni.cpp, line 516]
Event: 3053.646 Thread 0x0000016724877dc0 Exception <a 'sun/nio/fs/WindowsException'{0x00000000eb1d7610}> (0x00000000eb1d7610) 
thrown [s\src\hotspot\share\prims\jni.cpp, line 516]
Event: 3053.648 Thread 0x00000167261d20e0 Exception <a 'sun/nio/fs/WindowsException'{0x00000000eb1eee18}> (0x00000000eb1eee18) 
thrown [s\src\hotspot\share\prims\jni.cpp, line 516]
Event: 3053.671 Thread 0x0000016724877dc0 Exception <a 'sun/nio/fs/WindowsException'{0x00000000eb21ec78}> (0x00000000eb21ec78) 
thrown [s\src\hotspot\share\prims\jni.cpp, line 516]
Event: 3053.713 Thread 0x0000016724877dc0 Exception <a 'sun/nio/fs/WindowsException'{0x00000000eb2f9bb0}> (0x00000000eb2f9bb0) 
thrown [s\src\hotspot\share\prims\jni.cpp, line 516]
Event: 3053.743 Thread 0x0000016724877dc0 Exception <a 'sun/nio/fs/WindowsException'{0x00000000eb31c3a8}> (0x00000000eb31c3a8) 
thrown [s\src\hotspot\share\prims\jni.cpp, line 516]
Event: 3053.805 Thread 0x0000016724877dc0 Exception <a 'sun/nio/fs/WindowsException'{0x00000000eab5ee98}> (0x00000000eab5ee98) 
thrown [s\src\hotspot\share\prims\jni.cpp, line 516]
Event: 3053.836 Thread 0x0000016724877dc0 Exception <a 'sun/nio/fs/WindowsException'{0x00000000eab833c0}> (0x00000000eab833c0) 
thrown [s\src\hotspot\share\prims\jni.cpp, line 516]
Event: 3053.928 Thread 0x0000016724877dc0 Exception <a 'sun/nio/fs/WindowsException'{0x00000000eac5cb48}> (0x00000000eac5cb48) 
thrown [s\src\hotspot\share\prims\jni.cpp, line 516]
Event: 3053.958 Thread 0x0000016724877dc0 Exception <a 'sun/nio/fs/WindowsException'{0x00000000eac82f98}> (0x00000000eac82f98) 
thrown [s\src\hotspot\share\prims\jni.cpp, line 516]
Event: 3054.319 Thread 0x0000016724877dc0 Exception <a 'sun/nio/fs/WindowsException'{0x00000000eaf63868}> (0x00000000eaf63868) 
thrown [s\src\hotspot\share\prims\jni.cpp, line 516]
Event: 3054.340 Thread 0x0000016724877dc0 Exception <a 'sun/nio/fs/WindowsException'{0x00000000eaf8bbd8}> (0x00000000eaf8bbd8) 
thrown [s\src\hotspot\share\prims\jni.cpp, line 516]
Event: 3054.378 Thread 0x0000016724877dc0 Exception <a 'sun/nio/fs/WindowsException'{0x00000000eb04f968}> (0x00000000eb04f968) 
thrown [s\src\hotspot\share\prims\jni.cpp, line 516]
Event: 3054.402 Thread 0x0000016724877dc0 Exception <a 'sun/nio/fs/WindowsException'{0x00000000eb079d40}> (0x00000000eb079d40) 
thrown [s\src\hotspot\share\prims\jni.cpp, line 516]
Event: 3054.463 Thread 0x0000016724877dc0 Exception <a 'sun/nio/fs/WindowsException'{0x00000000eb137888}> (0x00000000eb137888) 
thrown [s\src\hotspot\share\prims\jni.cpp, line 516]
Event: 3054.485 Thread 0x0000016724877dc0 Exception <a 'sun/nio/fs/WindowsException'{0x00000000eb163ed0}> (0x00000000eb163ed0) 
thrown [s\src\hotspot\share\prims\jni.cpp, line 516]

VM Operations (20 events):
Event: 3051.053 Executing VM operation: ParallelGCFailedAllocation
Event: 3053.293 Executing VM operation: ParallelGCFailedAllocation done
Event: 3053.534 Executing VM operation: HandshakeAllThreads
Event: 3053.534 Executing VM operation: HandshakeAllThreads done
Event: 3053.789 Executing VM operation: ParallelGCFailedAllocation
Event: 3053.797 Executing VM operation: ParallelGCFailedAllocation done
Event: 3054.095 Executing VM operation: ParallelGCFailedAllocation
Event: 3054.097 Executing VM operation: ParallelGCFailedAllocation done
Event: 3054.243 Executing VM operation: ParallelGCFailedAllocation
Event: 3054.244 Executing VM operation: ParallelGCFailedAllocation done
Event: 3054.520 Executing VM operation: HandshakeAllThreads
Event: 3054.520 Executing VM operation: HandshakeAllThreads done
Event: 3054.523 Executing VM operation: ParallelGCFailedAllocation
Event: 3054.524 Executing VM operation: ParallelGCFailedAllocation done
Event: 3054.626 Executing VM operation: ParallelGCFailedAllocation
Event: 3054.627 Executing VM operation: ParallelGCFailedAllocation done
Event: 3054.808 Executing VM operation: HandshakeAllThreads
Event: 3054.809 Executing VM operation: HandshakeAllThreads done
Event: 3054.860 Executing VM operation: ParallelGCFailedAllocation
Event: 3054.861 Executing VM operation: ParallelGCFailedAllocation done

Events (20 events):
Event: 3050.723 loading class java/util/stream/ReferencePipeline$4 done
Event: 3050.724 loading class java/util/stream/Nodes$IntFixedNodeBuilder
Event: 3050.725 loading class java/util/stream/Node$Builder$OfInt
Event: 3050.725 loading class java/util/stream/Node$Builder$OfInt done
Event: 3050.725 loading class java/util/stream/Nodes$IntArrayNode
Event: 3050.726 loading class java/util/stream/Nodes$IntArrayNode done
Event: 3050.726 loading class java/util/stream/Nodes$IntFixedNodeBuilder done
Event: 3050.726 loading class java/util/stream/ReferencePipeline$4$1
Event: 3050.726 loading class java/util/stream/ReferencePipeline$4$1 done
Event: 3050.913 Thread 0x0000016727bfd830 Thread added: 0x0000016727bfd830
Event: 3050.913 Thread 0x0000016727bfe760 Thread added: 0x0000016727bfe760
Event: 3050.913 Thread 0x0000016727bfa590 Thread added: 0x0000016727bfa590
Event: 3054.522 Thread 0x0000016724850530 flushing nmethod 0x00000167160a6e90
Event: 3054.525 Thread 0x0000016724850530 flushing nmethod 0x0000016716353090
Event: 3054.532 Thread 0x0000016724850530 flushing nmethod 0x000001670ec0a790
Event: 3054.534 Thread 0x0000016724850530 flushing nmethod 0x000001670ee58210
Event: 3054.536 Thread 0x0000016724850530 flushing nmethod 0x000001670f04c790
Event: 3054.537 Thread 0x0000016724850530 flushing nmethod 0x000001670f164010
Event: 3054.537 Thread 0x0000016724850530 flushing nmethod 0x000001670f166d10
Event: 3054.604 Thread 0x0000016727bfb4c0 Thread added: 0x0000016727bfb4c0


Dynamic libraries:
0x00007ff6bb7c0000 - 0x00007ff6bb7ce000 	c:\Users\Soa\.vscode\extensions\redhat.java-1.33.0-win32-x64\jre\17.0.11-win32-x86_64\bin\java.exe
0x00007ffdc4c50000 - 0x00007ffdc4e48000 	C:\Windows\SYSTEM32\ntdll.dll
0x00007ffdc46c0000 - 0x00007ffdc4781000 	C:\Windows\System32\KERNEL32.DLL
0x00007ffdc2980000 - 0x00007ffdc2c76000 	C:\Windows\System32\KERNELBASE.dll
0x00007ffdc2580000 - 0x00007ffdc2680000 	C:\Windows\System32\ucrtbase.dll
0x00007ffdbdbb0000 - 0x00007ffdbdbc7000 	c:\Users\Soa\.vscode\extensions\redhat.java-1.33.0-win32-x64\jre\17.0.11-win32-x86_64\bin\jli.dll
0x00007ffdc42f0000 - 0x00007ffdc448f000 	C:\Windows\System32\USER32.dll
0x00007ffdc2950000 - 0x00007ffdc2972000 	C:\Windows\System32\win32u.dll
0x00007ffdc4620000 - 0x00007ffdc464b000 	C:\Windows\System32\GDI32.dll
0x00007ffdc2780000 - 0x00007ffdc2897000 	C:\Windows\System32\gdi32full.dll
0x00007ffdc2300000 - 0x00007ffdc239d000 	C:\Windows\System32\msvcp_win.dll
0x00007ffdbdb90000 - 0x00007ffdbdbab000 	c:\Users\Soa\.vscode\extensions\redhat.java-1.33.0-win32-x64\jre\17.0.11-win32-x86_64\bin\VCRUNTIME140.dll
0x00007ffdabf50000 - 0x00007ffdac1ea000 	C:\Windows\WinSxS\amd64_microsoft.windows.common-controls_6595b64144ccf1df_6.0.19041.4355_none_60b8b9eb71f62e16\COMCTL32.dll
0x00007ffdc3950000 - 0x00007ffdc39ee000 	C:\Windows\System32\msvcrt.dll
0x00007ffdc2c80000 - 0x00007ffdc2caf000 	C:\Windows\System32\IMM32.DLL
0x00007ffdbdfc0000 - 0x00007ffdbdfcc000 	c:\Users\Soa\.vscode\extensions\redhat.java-1.33.0-win32-x64\jre\17.0.11-win32-x86_64\bin\vcruntime140_1.dll
0x00007ffd99b30000 - 0x00007ffd99bbd000 	c:\Users\Soa\.vscode\extensions\redhat.java-1.33.0-win32-x64\jre\17.0.11-win32-x86_64\bin\msvcp140.dll
0x00007ffd77840000 - 0x00007ffd784a2000 	c:\Users\Soa\.vscode\extensions\redhat.java-1.33.0-win32-x64\jre\17.0.11-win32-x86_64\bin\server\jvm.dll
0x00007ffdc3ac0000 - 0x00007ffdc3b70000 	C:\Windows\System32\ADVAPI32.dll
0x00007ffdc4790000 - 0x00007ffdc4830000 	C:\Windows\System32\sechost.dll
0x00007ffdc3cb0000 - 0x00007ffdc3dd3000 	C:\Windows\System32\RPCRT4.dll
0x00007ffdc2500000 - 0x00007ffdc2527000 	C:\Windows\System32\bcrypt.dll
0x00007ffdc1830000 - 0x00007ffdc187b000 	C:\Windows\SYSTEM32\POWRPROF.dll
0x00007ffda1d40000 - 0x00007ffda1d49000 	C:\Windows\SYSTEM32\WSOCK32.dll
0x00007ffdad280000 - 0x00007ffdad2a7000 	C:\Windows\SYSTEM32\WINMM.dll
0x00007ffdc4650000 - 0x00007ffdc46bb000 	C:\Windows\System32\WS2_32.dll
0x00007ffdb8390000 - 0x00007ffdb839a000 	C:\Windows\SYSTEM32\VERSION.dll
0x00007ffdc16f0000 - 0x00007ffdc1702000 	C:\Windows\SYSTEM32\UMPDC.dll
0x00007ffdc0ad0000 - 0x00007ffdc0ae2000 	C:\Windows\SYSTEM32\kernel.appcore.dll
0x00007ffdba7f0000 - 0x00007ffdba7fa000 	c:\Users\Soa\.vscode\extensions\redhat.java-1.33.0-win32-x64\jre\17.0.11-win32-x86_64\bin\jimage.dll
0x00007ffdbfe30000 - 0x00007ffdc0014000 	C:\Windows\SYSTEM32\DBGHELP.DLL
0x00007ffdb6e80000 - 0x00007ffdb6eb4000 	C:\Windows\SYSTEM32\dbgcore.DLL
0x00007ffdc26f0000 - 0x00007ffdc2772000 	C:\Windows\System32\bcryptPrimitives.dll
0x00007ffdba7b0000 - 0x00007ffdba7be000 	c:\Users\Soa\.vscode\extensions\redhat.java-1.33.0-win32-x64\jre\17.0.11-win32-x86_64\bin\instrument.dll
0x00007ffdb9340000 - 0x00007ffdb9365000 	c:\Users\Soa\.vscode\extensions\redhat.java-1.33.0-win32-x64\jre\17.0.11-win32-x86_64\bin\java.dll
0x00007ffdba740000 - 0x00007ffdba758000 	c:\Users\Soa\.vscode\extensions\redhat.java-1.33.0-win32-x64\jre\17.0.11-win32-x86_64\bin\zip.dll
0x00007ffdc31e0000 - 0x00007ffdc394c000 	C:\Windows\System32\SHELL32.dll
0x00007ffdc0310000 - 0x00007ffdc0aae000 	C:\Windows\SYSTEM32\windows.storage.dll
0x00007ffdc3f90000 - 0x00007ffdc42e3000 	C:\Windows\System32\combase.dll
0x00007ffdc1d20000 - 0x00007ffdc1d4e000 	C:\Windows\SYSTEM32\Wldp.dll
0x00007ffdc39f0000 - 0x00007ffdc3abd000 	C:\Windows\System32\OLEAUT32.dll
0x00007ffdc2cc0000 - 0x00007ffdc2d6d000 	C:\Windows\System32\SHCORE.dll
0x00007ffdc49f0000 - 0x00007ffdc4a45000 	C:\Windows\System32\shlwapi.dll
0x00007ffdc2230000 - 0x00007ffdc2254000 	C:\Windows\SYSTEM32\profapi.dll
0x00007ffdb9320000 - 0x00007ffdb9339000 	C:\Users\Soa\.vscode\extensions\redhat.java-1.33.0-win32-x64\jre\17.0.11-win32-x86_64\bin\net.dll
0x00007ffdbe690000 - 0x00007ffdbe79a000 	C:\Windows\SYSTEM32\WINHTTP.dll
0x00007ffdc1a80000 - 0x00007ffdc1aea000 	C:\Windows\system32\mswsock.dll
0x00007ffdb5370000 - 0x00007ffdb5386000 	C:\Users\Soa\.vscode\extensions\redhat.java-1.33.0-win32-x64\jre\17.0.11-win32-x86_64\bin\nio.dll
0x00007ffdb9270000 - 0x00007ffdb9280000 	c:\Users\Soa\.vscode\extensions\redhat.java-1.33.0-win32-x64\jre\17.0.11-win32-x86_64\bin\verify.dll
0x00007ffd99aa0000 - 0x00007ffd99ae5000 	C:\Users\Soa\AppData\Roaming\Code\User\globalStorage\redhat.java\1.33.0\config_win\org.eclipse.equinox.launcher\org.eclipse.equinox.launcher.win32.win32.x86_64_1.2.1100.v20240722-2106\eclipse_11904.dll
0x00007ffdc4490000 - 0x00007ffdc45bb000 	C:\Windows\System32\ole32.dll
0x00007ffdb4030000 - 0x00007ffdb4039000 	C:\Users\Soa\.vscode\extensions\redhat.java-1.33.0-win32-x64\jre\17.0.11-win32-x86_64\bin\management.dll
0x00007ffda1170000 - 0x00007ffda117b000 	C:\Users\Soa\.vscode\extensions\redhat.java-1.33.0-win32-x64\jre\17.0.11-win32-x86_64\bin\management_ext.dll
0x00007ffdc4a50000 - 0x00007ffdc4a58000 	C:\Windows\System32\PSAPI.DLL
0x00007ffdc1c80000 - 0x00007ffdc1c98000 	C:\Windows\SYSTEM32\CRYPTSP.dll
0x00007ffdc1300000 - 0x00007ffdc1334000 	C:\Windows\system32\rsaenh.dll
0x00007ffdc21a0000 - 0x00007ffdc21ce000 	C:\Windows\SYSTEM32\USERENV.dll
0x00007ffdc1c70000 - 0x00007ffdc1c7c000 	C:\Windows\SYSTEM32\CRYPTBASE.dll
0x00007ffdc1710000 - 0x00007ffdc174b000 	C:\Windows\SYSTEM32\IPHLPAPI.DLL
0x00007ffdc3f80000 - 0x00007ffdc3f88000 	C:\Windows\System32\NSI.dll
0x00007ffdb9c50000 - 0x00007ffdb9c67000 	C:\Windows\SYSTEM32\dhcpcsvc6.DLL
0x00007ffdb9ba0000 - 0x00007ffdb9bbd000 	C:\Windows\SYSTEM32\dhcpcsvc.DLL
0x00007ffdc1750000 - 0x00007ffdc181a000 	C:\Windows\SYSTEM32\DNSAPI.dll
0x00007ffd83da0000 - 0x00007ffd83de5000 	C:\Users\Soa\AppData\Local\Temp\jna-83301\jna9662816524300187125.dll
0x00007ffdba760000 - 0x00007ffdba787000 	C:\Users\Soa\.gradle\native\e1d6ef7f7dcc3fd88c89a11ec53ec762bb8ba0a96d01ffa2cd45eb1d1d8dd5c5\windows-amd64\native-platform.dll
0x00007ffdc1430000 - 0x00007ffdc1463000 	C:\Windows\SYSTEM32\ntmarta.dll
0x00007ffd99a70000 - 0x00007ffd99a79000 	C:\Users\Soa\.vscode\extensions\redhat.java-1.33.0-win32-x64\jre\17.0.11-win32-x86_64\bin\extnet.dll
0x00007ffd99a90000 - 0x00007ffd99a9e000 	C:\Users\Soa\.vscode\extensions\redhat.java-1.33.0-win32-x64\jre\17.0.11-win32-x86_64\bin\sunmscapi.dll
0x00007ffdc23a0000 - 0x00007ffdc24fe000 	C:\Windows\System32\CRYPT32.dll
0x00007ffdc1d90000 - 0x00007ffdc1db9000 	C:\Windows\SYSTEM32\ncrypt.dll
0x00007ffdc1d50000 - 0x00007ffdc1d8b000 	C:\Windows\SYSTEM32\NTASN1.dll
0x00007ffd99a80000 - 0x00007ffd99a87000 	C:\Windows\system32\wshunix.dll

dbghelp: loaded successfully - version: 4.0.5 - missing functions: none
symbol engine: initialized successfully - sym options: 0x614 - pdb path: .;c:\Users\Soa\.vscode\extensions\redhat.java-1.33.0-win32-x64\jre\17.0.11-win32-x86_64\bin;C:\Windows\SYSTEM32;C:\Windows\WinSxS\amd64_microsoft.windows.common-controls_6595b64144ccf1df_6.0.19041.4355_none_60b8b9eb71f62e16;c:\Users\Soa\.vscode\extensions\redhat.java-1.33.0-win32-x64\jre\17.0.11-win32-x86_64\bin\server;C:\Users\Soa\AppData\Roaming\Code\User\globalStorage\redhat.java\1.33.0\config_win\org.eclipse.equinox.launcher\org.eclipse.equinox.launcher.win32.win32.x86_64_1.2.1100.v20240722-2106;C:\Users\Soa\AppData\Local\Temp\jna-83301;C:\Users\Soa\.gradle\native\e1d6ef7f7dcc3fd88c89a11ec53ec762bb8ba0a96d01ffa2cd45eb1d1d8dd5c5\windows-amd64

VM Arguments:
jvm_args: --add-modules=ALL-SYSTEM --add-opens=java.base/java.util=ALL-UNNAMED --add-opens=java.base/java.lang=ALL-UNNAMED --add-opens=java.base/sun.nio.fs=ALL-UNNAMED -Declipse.application=org.eclipse.jdt.ls.core.id1 -Dosgi.bundles.defaultStartLevel=4 -Declipse.product=org.eclipse.jdt.ls.core.product -Djava.import.generatesMetadataFilesAtProjectRoot=false -DDetectVMInstallationsJob.disabled=true -Dfile.encoding=utf8 -XX:+UseParallelGC -XX:GCTimeRatio=4 -XX:AdaptiveSizePolicyWeight=90 -Dsun.zip.disableMemoryMapping=true -Xmx1G -Xms100m -Xlog:disable -javaagent:c:\Users\Soa\.vscode\extensions\redhat.java-1.33.0-win32-x64\lombok\lombok-1.18.33.jar -XX:+HeapDumpOnOutOfMemoryError -XX:HeapDumpPath=c:\Users\Soa\AppData\Roaming\Code\User\workspaceStorage\17aee6500137f80ef1583584dace0d7f\redhat.java -Daether.dependencyCollector.impl=bf 
java_command: c:\Users\Soa\.vscode\extensions\redhat.java-1.33.0-win32-x64\server\plugins\org.eclipse.equinox.launcher_1.6.900.v20240613-2009.jar -configuration c:\Users\Soa\AppData\Roaming\Code\User\globalStorage\redhat.java\1.33.0\config_win -data c:\Users\Soa\AppData\Roaming\Code\User\workspaceStorage\17aee6500137f80ef1583584dace0d7f\redhat.java\jdt_ws --pipe=\\.\pipe\lsp-94e359eeeca84c1e6d6e735816ded91e-sock
java_class_path (initial): c:\Users\Soa\.vscode\extensions\redhat.java-1.33.0-win32-x64\server\plugins\org.eclipse.equinox.launcher_1.6.900.v20240613-2009.jar
Launcher Type: SUN_STANDARD

[Global flags]
    uintx AdaptiveSizePolicyWeight                 = 90                                        {product} {command line}
     intx CICompilerCount                          = 4                                         {product} {ergonomic}
    uintx GCTimeRatio                              = 4                                         {product} {command line}
     bool HeapDumpOnOutOfMemoryError               = true                                   {manageable} {command line}
    ccstr HeapDumpPath                             = c:\Users\Soa\AppData\Roaming\Code\User\workspaceStorage\17aee6500137f80ef1583584dace0d7f\redhat.java         {manageable} {command line}
   size_t InitialHeapSize                          = 104857600                                 {product} {command line}
   size_t MaxHeapSize                              = 1073741824                                {product} {command line}
   size_t MaxNewSize                               = 357564416                                 {product} {ergonomic}
   size_t MinHeapDeltaBytes                        = 524288                                    {product} {ergonomic}
   size_t MinHeapSize                              = 104857600                                 {product} {command line}
   size_t NewSize                                  = 34603008                                  {product} {ergonomic}
    uintx NonNMethodCodeHeapSize                   = 5839372                                {pd product} {ergonomic}
    uintx NonProfiledCodeHeapSize                  = 122909434                              {pd product} {ergonomic}
   size_t OldSize                                  = 70254592                                  {product} {ergonomic}
    uintx ProfiledCodeHeapSize                     = 122909434                              {pd product} {ergonomic}
    uintx ReservedCodeCacheSize                    = 251658240                              {pd product} {ergonomic}
     bool SegmentedCodeCache                       = true                                      {product} {ergonomic}
   size_t SoftMaxHeapSize                          = 1073741824                             {manageable} {ergonomic}
     bool UseCompressedClassPointers               = true                           {product lp64_product} {ergonomic}
     bool UseCompressedOops                        = true                           {product lp64_product} {ergonomic}
     bool UseLargePagesIndividualAllocation        = false                                  {pd product} {ergonomic}
     bool UseParallelGC                            = true                                      {product} {command line}

Logging:
Log output configuration:
 #0: stdout all=off uptime,level,tags
 #1: stderr all=off uptime,level,tags

Environment Variables:
JAVA_HOME=C:\Program Files (x86)\Java\jdk1.8.0_181
PATH=C:\Program Files\Eclipse Adoptium\jdk-17.0.10.7-hotspot\bin;C:\Program Files\Common Files\Oracle\Java\javapath;C:\app\Soa\product\12.2.0\dbhome_1\bin;C:\Program Files (x86)\Common Files\Oracle\Java\javapath;C:\Python311\Scripts\;C:\Python311\;C:\Python310\Scripts\;C:\Python310\;C:\Windows\system32;C:\Windows;C:\Windows\System32\Wbem;C:\Windows\System32\WindowsPowerShell\v1.0\;C:\Windows\System32\OpenSSH\;C:\Program Files\Git\cmd;C:\ProgramData\chocolatey\bin;D:\BICI\ComposerSetup\;C:\xampp\php;C:\xampp\mysql\bin;D:\apache-ant-1.10.13\bin;C:\ProgramData\ComposerSetup\bin;D:\logiciel\wildfly-10\bin;C:\Program Files\OpenSSL-Win64\bin;C:\Program Files\PostgreSQL\13\bin;D:\gradle-8.0.2\bin;C:\Users\Soa\AppData\Roaming\nvm;C:\Program Files\nodejs;C:\TDM-GCC-64\bin;C:\Program Files\Docker\Docker\resources\bin;search-ms:displayname=Rsultats%20de%20la%20recherche%20dans%20Programmes&crumb=location:C%3A%5CProgram%20Files\nmap;C:\Program Files\dotnet\;C:\Program Files\Microsoft SQL Server\150\Tools\Binn\;C:\Program Files\Microsoft SQL Server\Client SDK\ODBC\170\Tools\Binn\;C:\Program Files (x86)\Windows Kits\10\Windows Performance Toolkit\;C:\Program Files\MongoDB\Server\5.0\bin;C:\Program Files\Vagrant\bin;C:\grails-5.3.6\bin;C:\Program Files (x86)\Microsoft SQL Server\150\Tools\Binn\;C:\Program Files\Microsoft SQL Server\150\DTS\Binn\;C:\Program Files (x86)\Microsoft SQL Server\160\DTS\Binn\;C:\Users\Soa\AppData\Local\Microsoft\WindowsApps;C:\Users\Soa\AppData\Local\GitHubDesktop\bin;D:\Microsoft VS Code\bin;C:\Users\Soa\AppData\Roaming\Composer\vendor\bin;C:\Users\Soa\AppData\Roaming\npm;C:\Users\Soa\AppData\Roaming\nvm;C:\Program Files\nodejs;C:\Program Files (x86)\Nmap;C:\Users\Soa\.dotnet\tools
USERNAME=Soa
OS=Windows_NT
PROCESSOR_IDENTIFIER=Intel64 Family 6 Model 142 Stepping 12, GenuineIntel
TMP=C:\Users\Soa\AppData\Local\Temp
TEMP=C:\Users\Soa\AppData\Local\Temp



Periodic native trim disabled


---------------  S Y S T E M  ---------------

OS:
 Windows 10 , 64 bit Build 19041 (10.0.19041.4597)
OS uptime: 1 days 5:21 hours
Hyper-V role detected

CPU: total 8 (initial active 8) (4 cores per cpu, 2 threads per core) family 6 model 142 stepping 12 microcode 0xbe, cx8, cmov, fxsr, ht, mmx, 3dnowpref, sse, sse2, sse3, ssse3, sse4.1, sse4.2, popcnt, lzcnt, tsc, tscinvbit, avx, avx2, aes, erms, clmul, bmi1, bmi2, adx, fma, vzeroupper, clflush, clflushopt, hv
Processor Information for all 8 processors :
  Max Mhz: 2304, Current Mhz: 1803, Mhz Limit: 1797

Memory: 4k page, system-wide physical 8001M (205M free)
TotalPageFile size 32577M (AvailPageFile size 25M)
current process WorkingSet (physical memory assigned to process): 305M, peak: 307M
current process commit charge ("private bytes"): 390M, peak: 396M

vm_info: OpenJDK 64-Bit Server VM (17.0.11+9) for windows-amd64 JRE (17.0.11+9), built on Apr 17 2024 06:07:48 by "admin" with MS VC++ 16.10 / 16.11 (VS2019)

END.
